<?xml version="1.0" encoding="UTF-8"?>
<testsuite name="co.asterv.popularmoviesstage1.ExampleUnitTest" tests="1" skipped="0" failures="0" errors="0" timestamp="2018-07-12T03:43:53" hostname="Asters-MacBook-Pro.local" time="0.001">
  <properties/>
  <testcase name="addition_isCorrect" classname="co.asterv.popularmoviesstage1.ExampleUnitTest" time="0.001"/>
  <system-out><![CDATA[]]></system-out>
  <system-err><![CDATA[]]></system-err>
</testsuite>
